Base path: C:/Program Files (x86)/Unity/Editor/Data
Pipe name: \\.\pipe\UnityShaderCompiler-3-14180
Cmd: getPlatforms
Cmd: compileSnippet
  api=8 type=0 insize=4293 outsize=3811 kw=DIRECTIONAL SHADOWS_OFF LIGHTMAP_OFF DIRLIGHTMAP_OFF ok=1
Cmd: compileSnippet
  api=1 type=0 insize=4293 outsize=190 kw=DIRECTIONAL SHADOWS_OFF LIGHTMAP_ON DIRLIGHTMAP_OFF ok=1
Cmd: compileSnippet
  api=4 type=0 insize=4293 outsize=1493 kw=DIRECTIONAL SHADOWS_OFF LIGHTMAP_ON DIRLIGHTMAP_OFF ok=1
Cmd: compileSnippet
  api=4 type=0 insize=4293 outsize=1493 kw=DIRECTIONAL SHADOWS_OFF LIGHTMAP_ON DIRLIGHTMAP_ON ok=1
Cmd: compileSnippet
  api=4 type=0 insize=4293 outsize=2997 kw=DIRECTIONAL SHADOWS_SCREEN LIGHTMAP_OFF DIRLIGHTMAP_OFF ok=1
Cmd: compileSnippet
  api=0 type=0 insize=4293 outsize=540 kw=DIRECTIONAL SHADOWS_SCREEN LIGHTMAP_ON DIRLIGHTMAP_OFF ok=1
Cmd: compileSnippet
  api=8 type=0 insize=4293 outsize=2665 kw=DIRECTIONAL SHADOWS_SCREEN LIGHTMAP_ON DIRLIGHTMAP_OFF ok=1
Cmd: compileSnippet
  api=8 type=0 insize=4293 outsize=2665 kw=DIRECTIONAL SHADOWS_SCREEN LIGHTMAP_ON DIRLIGHTMAP_ON ok=1
Cmd: compileSnippet
  api=0 type=0 insize=4293 outsize=1693 kw=DIRECTIONAL SHADOWS_SCREEN LIGHTMAP_OFF DIRLIGHTMAP_OFF VERTEXLIGHT_ON ok=1
Cmd: compileSnippet
  api=8 type=0 insize=4293 outsize=7150 kw=DIRECTIONAL SHADOWS_SCREEN LIGHTMAP_OFF DIRLIGHTMAP_OFF VERTEXLIGHT_ON ok=1
Cmd: compileSnippet
  api=0 type=1 insize=4293 outsize=314 kw=DIRECTIONAL SHADOWS_OFF LIGHTMAP_ON DIRLIGHTMAP_OFF ok=1
Cmd: compileSnippet
  api=8 type=1 insize=4293 outsize=1658 kw=DIRECTIONAL SHADOWS_OFF LIGHTMAP_ON DIRLIGHTMAP_OFF ok=1
Cmd: compileSnippet
  api=1 type=1 insize=4293 outsize=340 kw=DIRECTIONAL SHADOWS_SCREEN LIGHTMAP_OFF DIRLIGHTMAP_OFF ok=1
Cmd: compileSnippet
  api=4 type=1 insize=4293 outsize=1672 kw=DIRECTIONAL SHADOWS_SCREEN LIGHTMAP_ON DIRLIGHTMAP_OFF ok=1
Cmd: compileSnippet
  api=4 type=1 insize=4293 outsize=1672 kw=DIRECTIONAL SHADOWS_SCREEN LIGHTMAP_ON DIRLIGHTMAP_ON ok=1
Cmd: compileSnippet
  api=1 type=0 insize=2269 outsize=383 kw=POINT ok=1
Cmd: compileSnippet
  api=8 type=0 insize=2269 outsize=2608 kw=DIRECTIONAL ok=1
Cmd: compileSnippet
  api=8 type=0 insize=2269 outsize=4128 kw=SPOT ok=1
Cmd: compileSnippet
  api=8 type=0 insize=2269 outsize=4128 kw=POINT_COOKIE ok=1
Cmd: compileSnippet
  api=1 type=1 insize=2269 outsize=418 kw=POINT ok=1
Cmd: compileSnippet
  api=0 type=1 insize=2269 outsize=765 kw=SPOT ok=1
Cmd: compileSnippet
  api=0 type=1 insize=2269 outsize=637 kw=POINT_COOKIE ok=1
Cmd: compileSnippet
  api=8 type=1 insize=2269 outsize=2698 kw=POINT_COOKIE ok=1
Cmd: compileSnippet
  api=8 type=0 insize=4010 outsize=4242 kw=LIGHTMAP_OFF DIRLIGHTMAP_OFF HDR_LIGHT_PREPASS_OFF ok=1
Cmd: compileSnippet
  api=0 type=0 insize=4010 outsize=534 kw=LIGHTMAP_ON DIRLIGHTMAP_ON HDR_LIGHT_PREPASS_OFF ok=1
Cmd: compileSnippet
  api=4 type=0 insize=4010 outsize=2883 kw=LIGHTMAP_OFF DIRLIGHTMAP_OFF HDR_LIGHT_PREPASS_ON ok=1
Cmd: compileSnippet
  api=1 type=0 insize=4010 outsize=503 kw=LIGHTMAP_ON DIRLIGHTMAP_OFF HDR_LIGHT_PREPASS_ON ok=1
Cmd: compileSnippet
  api=4 type=0 insize=4010 outsize=1883 kw=LIGHTMAP_ON DIRLIGHTMAP_ON HDR_LIGHT_PREPASS_ON ok=1
Cmd: compileSnippet
  api=1 type=1 insize=4010 outsize=235 kw=LIGHTMAP_OFF DIRLIGHTMAP_OFF HDR_LIGHT_PREPASS_OFF ok=1
Cmd: compileSnippet
  api=4 type=1 insize=4010 outsize=2095 kw=LIGHTMAP_ON DIRLIGHTMAP_OFF HDR_LIGHT_PREPASS_OFF ok=1
Cmd: compileSnippet
  api=8 type=1 insize=4010 outsize=2210 kw=LIGHTMAP_ON DIRLIGHTMAP_ON HDR_LIGHT_PREPASS_OFF ok=1
Cmd: compileSnippet
  api=4 type=1 insize=4010 outsize=2046 kw=LIGHTMAP_ON DIRLIGHTMAP_OFF HDR_LIGHT_PREPASS_ON ok=1
Cmd: compileSnippet
  api=8 type=1 insize=4010 outsize=2088 kw=LIGHTMAP_ON DIRLIGHTMAP_ON HDR_LIGHT_PREPASS_ON ok=1
Unhandled exception: Readfile from pipe failed. GLE=The pipe has been ended.


Quitting shader compiler process
